0 info it worked if it ends with ok
1 verbose cli [ '/Users/shaopengfei/.nvm/versions/node/v5.7.0/bin/node',
1 verbose cli   '/Users/shaopengfei/.nvm/versions/node/v5.7.0/bin/npm',
1 verbose cli   'run',
1 verbose cli   'build-inline' ]
2 info using npm@3.6.0
3 info using node@v5.7.0
4 verbose run-script [ 'prebuild-inline', 'build-inline', 'postbuild-inline' ]
5 info lifecycle lagou@1.0.0~prebuild-inline: lagou@1.0.0
6 silly lifecycle lagou@1.0.0~prebuild-inline: no script for prebuild-inline, continuing
7 info lifecycle lagou@1.0.0~build-inline: lagou@1.0.0
8 verbose lifecycle lagou@1.0.0~build-inline: unsafe-perm in lifecycle true
9 verbose lifecycle lagou@1.0.0~build-inline: PATH: /Users/shaopengfei/.nvm/versions/node/v5.7.0/lib/node_modules/npm/bin/node-gyp-bin:/Users/shaopengfei/Desktop/other/lagou/node_modules/.bin:/Users/shaopengfei/.nvm/versions/node/v5.7.0/bin:/usr/local/opt/android-sdk:/usr/local/opt/yarn/bin/:/usr/local/bin:/usr/bin:/bin:/usr/sbin:/sbin
10 verbose lifecycle lagou@1.0.0~build-inline: CWD: /Users/shaopengfei/Desktop/other/lagou
11 silly lifecycle lagou@1.0.0~build-inline: Args: [ '-c',
11 silly lifecycle   'export NODE_ENV=production && webpack --progress --colors' ]
12 silly lifecycle lagou@1.0.0~build-inline: Returned: code: 1  signal: null
13 info lifecycle lagou@1.0.0~build-inline: Failed to exec build-inline script
14 verbose stack Error: lagou@1.0.0 build-inline: `export NODE_ENV=production && webpack --progress --colors`
14 verbose stack Exit status 1
14 verbose stack     at EventEmitter.<anonymous> (/Users/shaopengfei/.nvm/versions/node/v5.7.0/lib/node_modules/npm/lib/utils/lifecycle.js:232:16)
14 verbose stack     at emitTwo (events.js:100:13)
14 verbose stack     at EventEmitter.emit (events.js:185:7)
14 verbose stack     at ChildProcess.<anonymous> (/Users/shaopengfei/.nvm/versions/node/v5.7.0/lib/node_modules/npm/lib/utils/spawn.js:24:14)
14 verbose stack     at emitTwo (events.js:100:13)
14 verbose stack     at ChildProcess.emit (events.js:185:7)
14 verbose stack     at maybeClose (internal/child_process.js:827:16)
14 verbose stack     at Process.ChildProcess._handle.onexit (internal/child_process.js:211:5)
15 verbose pkgid lagou@1.0.0
16 verbose cwd /Users/shaopengfei/Desktop/other/lagou
17 error Darwin 16.0.0
18 error argv "/Users/shaopengfei/.nvm/versions/node/v5.7.0/bin/node" "/Users/shaopengfei/.nvm/versions/node/v5.7.0/bin/npm" "run" "build-inline"
19 error node v5.7.0
20 error npm  v3.6.0
21 error code ELIFECYCLE
22 error lagou@1.0.0 build-inline: `export NODE_ENV=production && webpack --progress --colors`
22 error Exit status 1
23 error Failed at the lagou@1.0.0 build-inline script 'export NODE_ENV=production && webpack --progress --colors'.
23 error Make sure you have the latest version of node.js and npm installed.
23 error If you do, this is most likely a problem with the lagou package,
23 error not with npm itself.
23 error Tell the author that this fails on your system:
23 error     export NODE_ENV=production && webpack --progress --colors
23 error You can get information on how to open an issue for this project with:
23 error     npm bugs lagou
23 error Or if that isn't available, you can get their info via:
23 error     npm owner ls lagou
23 error There is likely additional logging output above.
24 verbose exit [ 1, true ]
